#
# There is insufficient memory for the Java Runtime Environment to continue.
# Native memory allocation (malloc) failed to allocate 1099488 bytes for Chunk::new
# Possible reasons:
#   The system is out of physical RAM or swap space
#   The process is running with CompressedOops enabled, and the Java Heap may be blocking the growth of the native heap
# Possible solutions:
#   Reduce memory load on the system
#   Increase physical memory or swap space
#   Check if swap backing store is full
#   Decrease Java heap size (-Xmx/-Xms)
#   Decrease number of Java threads
#   Decrease Java thread stack sizes (-Xss)
#   Set larger code cache with -XX:ReservedCodeCacheSize=
#   JVM is running with Unscaled Compressed Oops mode in which the Java heap is
#     placed in the first 4GB address space. The Java Heap base address is the
#     maximum limit for the native heap growth. Please use -XX:HeapBaseMinAddress
#     to set the Java Heap base and to place the Java Heap above 4GB virtual address.
# This output file may be truncated or incomplete.
#
#  Out of Memory Error (arena.cpp:168), pid=12608, tid=18284
#
# JRE version: OpenJDK Runtime Environment (21.0.2+13) (build 21.0.2+13-58)
# Java VM: OpenJDK 64-Bit Server VM (21.0.2+13-58, mixed mode, sharing, tiered, compressed oops, compressed class ptrs, g1 gc, windows-amd64)
# No core dump will be written. Minidumps are not enabled by default on client versions of Windows
#

---------------  S U M M A R Y ------------

Command Line: C:\Users\denys\AppData\Local\Temp\surefire1566141857550264816\surefirebooter-20240208174332418_3.jar C:\Users\denys\AppData\Local\Temp\surefire1566141857550264816 2024-02-08T17-43-32_273-jvmRun1 surefire-20240208174332418_1tmp surefire_0-20240208174332418_2tmp

Host: Intel(R) Core(TM) i5-9300H CPU @ 2.40GHz, 8 cores, 7G,  Windows 11 , 64 bit Build 22621 (10.0.22621.2506)
Time: Thu Feb  8 17:43:41 2024  Windows 11 , 64 bit Build 22621 (10.0.22621.2506) elapsed time: 9.241402 seconds (0d 0h 0m 9s)

---------------  T H R E A D  ---------------

Current thread (0x000001f751b61630):  JavaThread "C2 CompilerThread0" daemon [_thread_in_native, id=18284, stack(0x000000f357d00000,0x000000f357e00000) (1024K)]


Current CompileTask:
C2:   9241 8032       4       org.springframework.boot.context.properties.source.ConfigurationPropertyName$ElementsParser::add (220 bytes)

Stack: [0x000000f357d00000,0x000000f357e00000]
Native frames: (J=compiled Java code, j=interpreted, Vv=VM code, C=native code)
V  [jvm.dll+0x6cade9]
V  [jvm.dll+0x8569c1]
V  [jvm.dll+0x858d2e]
V  [jvm.dll+0x859413]
V  [jvm.dll+0x280e56]
V  [jvm.dll+0xc3f3d]
V  [jvm.dll+0xc4473]
V  [jvm.dll+0x3b5c2c]
V  [jvm.dll+0x382855]
V  [jvm.dll+0x381cca]
V  [jvm.dll+0x249bd0]
V  [jvm.dll+0x2491b1]
V  [jvm.dll+0x1c9634]
V  [jvm.dll+0x258859]
V  [jvm.dll+0x256e3a]
V  [jvm.dll+0x3ef6c6]
V  [jvm.dll+0x7ff568]
V  [jvm.dll+0x6c953d]
C  [ucrtbase.dll+0x29363]
C  [KERNEL32.DLL+0x1257d]
C  [ntdll.dll+0x5aa58]


---------------  P R O C E S S  ---------------

Threads class SMR info:
_java_thread_list=0x000001f79ab507c0, length=16, elements={
0x000001f73302faa0, 0x000001f751901fe0, 0x000001f751902cf0, 0x000001f751904d90,
0x000001f751907800, 0x000001f75190a420, 0x000001f751913170, 0x000001f751b61630,
0x000001f75191fae0, 0x000001f751c908f0, 0x000001f751c95960, 0x000001f751ed4dd0,
0x000001f79731a290, 0x000001f7973df570, 0x000001f79a375790, 0x000001f79951cb40
}

Java Threads: ( => current thread )
  0x000001f73302faa0 JavaThread "main"                              [_thread_in_vm, id=1708, stack(0x000000f356f00000,0x000000f357000000) (1024K)]
  0x000001f751901fe0 JavaThread "Reference Handler"          daemon [_thread_blocked, id=9204, stack(0x000000f357700000,0x000000f357800000) (1024K)]
  0x000001f751902cf0 JavaThread "Finalizer"                  daemon [_thread_blocked, id=11668, stack(0x000000f357800000,0x000000f357900000) (1024K)]
  0x000001f751904d90 JavaThread "Signal Dispatcher"          daemon [_thread_blocked, id=11876, stack(0x000000f357900000,0x000000f357a00000) (1024K)]
  0x000001f751907800 JavaThread "Attach Listener"            daemon [_thread_blocked, id=14616, stack(0x000000f357a00000,0x000000f357b00000) (1024K)]
  0x000001f75190a420 JavaThread "Service Thread"             daemon [_thread_blocked, id=15936, stack(0x000000f357b00000,0x000000f357c00000) (1024K)]
  0x000001f751913170 JavaThread "Monitor Deflation Thread"   daemon [_thread_blocked, id=8576, stack(0x000000f357c00000,0x000000f357d00000) (1024K)]
=>0x000001f751b61630 JavaThread "C2 CompilerThread0"         daemon [_thread_in_native, id=18284, stack(0x000000f357d00000,0x000000f357e00000) (1024K)]
  0x000001f75191fae0 JavaThread "C1 CompilerThread0"         daemon [_thread_blocked, id=11744, stack(0x000000f357e00000,0x000000f357f00000) (1024K)]
  0x000001f751c908f0 JavaThread "Notification Thread"        daemon [_thread_blocked, id=12044, stack(0x000000f357f00000,0x000000f358000000) (1024K)]
  0x000001f751c95960 JavaThread "Common-Cleaner"             daemon [_thread_blocked, id=3728, stack(0x000000f358000000,0x000000f358100000) (1024K)]
  0x000001f751ed4dd0 JavaThread "C2 CompilerThread1"         daemon [_thread_in_native, id=14396, stack(0x000000f358100000,0x000000f358200000) (1024K)]
  0x000001f79731a290 JavaThread "surefire-forkedjvm-stream-flusher" daemon [_thread_blocked, id=18280, stack(0x000000f358200000,0x000000f358300000) (1024K)]
  0x000001f7973df570 JavaThread "surefire-forkedjvm-command-thread" daemon [_thread_in_native, id=18352, stack(0x000000f358300000,0x000000f358400000) (1024K)]
  0x000001f79a375790 JavaThread "mysql-cj-abandoned-connection-cleanup" daemon [_thread_blocked, id=4172, stack(0x000000f358b00000,0x000000f358c00000) (1024K)]
  0x000001f79951cb40 JavaThread "HikariPool-1 housekeeper"   daemon [_thread_blocked, id=17868, stack(0x000000f358d00000,0x000000f358e00000) (1024K)]
Total: 16

Other Threads:
  0x000001f73300be40 VMThread "VM Thread"                           [id=11280, stack(0x000000f357600000,0x000000f357700000) (1024K)]
  0x000001f7518cbb50 WatcherThread "VM Periodic Task Thread"        [id=5832, stack(0x000000f357500000,0x000000f357600000) (1024K)]
  0x000001f73300ac20 WorkerThread "GC Thread#0"                     [id=13700, stack(0x000000f357000000,0x000000f357100000) (1024K)]
  0x000001f73300c1e0 WorkerThread "GC Thread#1"                     [id=12380, stack(0x000000f358400000,0x000000f358500000) (1024K)]
  0x000001f73300c580 WorkerThread "GC Thread#2"                     [id=17928, stack(0x000000f358500000,0x000000f358600000) (1024K)]
  0x000001f797d7bd40 WorkerThread "GC Thread#3"                     [id=11232, stack(0x000000f358600000,0x000000f358700000) (1024K)]
  0x000001f797d7ab20 WorkerThread "GC Thread#4"                     [id=4760, stack(0x000000f358700000,0x000000f358800000) (1024K)]
  0x000001f797d79560 WorkerThread "GC Thread#5"                     [id=9320, stack(0x000000f358800000,0x000000f358900000) (1024K)]
  0x000001f797d7cf60 WorkerThread "GC Thread#6"                     [id=13596, stack(0x000000f358900000,0x000000f358a00000) (1024K)]
  0x000001f797d7c0e0 WorkerThread "GC Thread#7"                     [id=4324, stack(0x000000f358a00000,0x000000f358b00000) (1024K)]
  0x000001f73514fdc0 ConcurrentGCThread "G1 Main Marker"            [id=3284, stack(0x000000f357100000,0x000000f357200000) (1024K)]
  0x000001f73300baa0 WorkerThread "G1 Conc#0"                       [id=10196, stack(0x000000f357200000,0x000000f357300000) (1024K)]
  0x000001f797d7aec0 WorkerThread "G1 Conc#1"                       [id=16968, stack(0x000000f358c00000,0x000000f358d00000) (1024K)]
  0x000001f7517a6010 ConcurrentGCThread "G1 Refine#0"               [id=12248, stack(0x000000f357300000,0x000000f357400000) (1024K)]
  0x000001f7517a6a90 ConcurrentGCThread "G1 Service"                [id=10132, stack(0x000000f357400000,0x000000f357500000) (1024K)]
Total: 15

Threads with active compile tasks:
C2 CompilerThread0     9265 8032       4       org.springframework.boot.context.properties.source.ConfigurationPropertyName$ElementsParser::add (220 bytes)
C2 CompilerThread1     9265 7943   !   4       org.springframework.beans.factory.support.DefaultListableBeanFactory::doGetBeanNamesForType (505 bytes)
Total: 2

VM state: not at safepoint (normal execution)

VM Mutex/Monitor currently owned by a thread: None

Heap address: 0x0000000082400000, size: 2012 MB, Compressed Oops mode: 32-bit

CDS archive(s) mapped at: [0x000001f752000000-0x000001f752c90000-0x000001f752c90000), size 13172736, SharedBaseAddress: 0x000001f752000000, ArchiveRelocationMode: 1.
Compressed class space mapped at: 0x000001f753000000-0x000001f793000000, reserved size: 1073741824
Narrow klass base: 0x000001f752000000, Narrow klass shift: 0, Narrow klass range: 0x100000000

GC Precious Log:
 CardTable entry size: 512
 Card Set container configuration: InlinePtr #cards 5 size 8 Array Of Cards #cards 12 size 40 Howl #buckets 4 coarsen threshold 1843 Howl Bitmap #cards 512 size 80 coarsen threshold 460 Card regions per heap region 1 cards per card region 2048
 CPUs: 8 total, 8 available
 Memory: 8044M
 Large Page Support: Disabled
 NUMA Support: Disabled
 Compressed Oops: Enabled (32-bit)
 Heap Region Size: 1M
 Heap Min Capacity: 8M
 Heap Initial Capacity: 126M
 Heap Max Capacity: 2012M
 Pre-touch: Disabled
 Parallel Workers: 8
 Concurrent Workers: 2
 Concurrent Refinement Workers: 8
 Periodic GC: Disabled

Heap:
 garbage-first heap   total 114688K, used 93234K [0x0000000082400000, 0x0000000100000000)
  region size 1024K, 50 young (51200K), 2 survivors (2048K)
 Metaspace       used 89134K, committed 89856K, reserved 1179648K
  class space    used 12243K, committed 12544K, reserved 1048576K

Heap Regions: E=young(eden), S=young(survivor), O=old, HS=humongous(starts), HC=humongous(continues), CS=collection set, F=free, TAMS=top-at-mark-start, PB=parsable bottom
|   0|0x0000000082400000, 0x0000000082500000, 0x0000000082500000|100%|HS|  |TAMS 0x0000000082400000| PB 0x0000000082400000| Complete 
|   1|0x0000000082500000, 0x0000000082600000, 0x0000000082600000|100%|HS|  |TAMS 0x0000000082500000| PB 0x0000000082500000| Complete 
|   2|0x0000000082600000, 0x0000000082700000, 0x0000000082700000|100%| O|  |TAMS 0x0000000082600000| PB 0x0000000082600000| Untracked 
|   3|0x0000000082700000, 0x0000000082800000, 0x0000000082800000|100%| O|  |TAMS 0x0000000082700000| PB 0x0000000082700000| Untracked 
|   4|0x0000000082800000, 0x0000000082900000, 0x0000000082900000|100%| O|  |TAMS 0x0000000082800000| PB 0x0000000082800000| Untracked 
|   5|0x0000000082900000, 0x0000000082a00000, 0x0000000082a00000|100%| O|  |TAMS 0x0000000082900000| PB 0x0000000082900000| Untracked 
|   6|0x0000000082a00000, 0x0000000082b00000, 0x0000000082b00000|100%| O|  |TAMS 0x0000000082a00000| PB 0x0000000082a00000| Untracked 
|   7|0x0000000082b00000, 0x0000000082c00000, 0x0000000082c00000|100%| O|  |TAMS 0x0000000082b00000| PB 0x0000000082b00000| Untracked 
|   8|0x0000000082c00000, 0x0000000082d00000, 0x0000000082d00000|100%| O|  |TAMS 0x0000000082c00000| PB 0x0000000082c00000| Untracked 
|   9|0x0000000082d00000, 0x0000000082e00000, 0x0000000082e00000|100%| O|  |TAMS 0x0000000082d00000| PB 0x0000000082d00000| Untracked 
|  10|0x0000000082e00000, 0x0000000082f00000, 0x0000000082f00000|100%| O|  |TAMS 0x0000000082e00000| PB 0x0000000082e00000| Untracked 
|  11|0x0000000082f00000, 0x0000000083000000, 0x0000000083000000|100%| O|  |TAMS 0x0000000082f00000| PB 0x0000000082f00000| Untracked 
|  12|0x0000000083000000, 0x0000000083100000, 0x0000000083100000|100%| O|  |TAMS 0x0000000083000000| PB 0x0000000083000000| Untracked 
|  13|0x0000000083100000, 0x0000000083200000, 0x0000000083200000|100%| O|  |TAMS 0x0000000083100000| PB 0x0000000083100000| Untracked 
|  14|0x0000000083200000, 0x0000000083300000, 0x0000000083300000|100%| O|  |TAMS 0x0000000083200000| PB 0x0000000083200000| Untracked 
|  15|0x0000000083300000, 0x0000000083400000, 0x0000000083400000|100%| O|  |TAMS 0x0000000083300000| PB 0x0000000083300000| Untracked 
|  16|0x0000000083400000, 0x0000000083500000, 0x0000000083500000|100%| O|  |TAMS 0x0000000083400000| PB 0x0000000083400000| Untracked 
|  17|0x0000000083500000, 0x0000000083600000, 0x0000000083600000|100%| O|  |TAMS 0x0000000083500000| PB 0x0000000083500000| Untracked 
|  18|0x0000000083600000, 0x0000000083700000, 0x0000000083700000|100%| O|  |TAMS 0x0000000083600000| PB 0x0000000083600000| Untracked 
|  19|0x0000000083700000, 0x0000000083800000, 0x0000000083800000|100%| O|  |TAMS 0x0000000083700000| PB 0x0000000083700000| Untracked 
|  20|0x0000000083800000, 0x0000000083900000, 0x0000000083900000|100%| O|  |TAMS 0x0000000083800000| PB 0x0000000083800000| Untracked 
|  21|0x0000000083900000, 0x0000000083a00000, 0x0000000083a00000|100%| O|  |TAMS 0x0000000083900000| PB 0x0000000083900000| Untracked 
|  22|0x0000000083a00000, 0x0000000083b00000, 0x0000000083b00000|100%| O|  |TAMS 0x0000000083a00000| PB 0x0000000083a00000| Untracked 
|  23|0x0000000083b00000, 0x0000000083c00000, 0x0000000083c00000|100%| O|  |TAMS 0x0000000083b00000| PB 0x0000000083b00000| Untracked 
|  24|0x0000000083c00000, 0x0000000083d00000, 0x0000000083d00000|100%| O|  |TAMS 0x0000000083c00000| PB 0x0000000083c00000| Untracked 
|  25|0x0000000083d00000, 0x0000000083e00000, 0x0000000083e00000|100%| O|  |TAMS 0x0000000083d00000| PB 0x0000000083d00000| Untracked 
|  26|0x0000000083e00000, 0x0000000083f00000, 0x0000000083f00000|100%| O|  |TAMS 0x0000000083e00000| PB 0x0000000083e00000| Untracked 
|  27|0x0000000083f00000, 0x0000000084000000, 0x0000000084000000|100%| O|  |TAMS 0x0000000083f00000| PB 0x0000000083f00000| Untracked 
|  28|0x0000000084000000, 0x0000000084100000, 0x0000000084100000|100%| O|  |TAMS 0x0000000084000000| PB 0x0000000084000000| Untracked 
|  29|0x0000000084100000, 0x0000000084200000, 0x0000000084200000|100%| O|  |TAMS 0x0000000084100000| PB 0x0000000084100000| Untracked 
|  30|0x0000000084200000, 0x0000000084300000, 0x0000000084300000|100%| O|  |TAMS 0x0000000084200000| PB 0x0000000084200000| Untracked 
|  31|0x0000000084300000, 0x0000000084400000, 0x0000000084400000|100%| O|  |TAMS 0x0000000084300000| PB 0x0000000084300000| Untracked 
|  32|0x0000000084400000, 0x0000000084500000, 0x0000000084500000|100%| O|  |TAMS 0x0000000084400000| PB 0x0000000084400000| Untracked 
|  33|0x0000000084500000, 0x0000000084600000, 0x0000000084600000|100%| O|  |TAMS 0x0000000084500000| PB 0x0000000084500000| Untracked 
|  34|0x0000000084600000, 0x0000000084700000, 0x0000000084700000|100%| O|  |TAMS 0x0000000084600000| PB 0x0000000084600000| Untracked 
|  35|0x0000000084700000, 0x0000000084800000, 0x0000000084800000|100%| O|  |TAMS 0x0000000084700000| PB 0x0000000084700000| Untracked 
|  36|0x0000000084800000, 0x0000000084900000, 0x0000000084900000|100%| O|Cm|TAMS 0x0000000084800000| PB 0x0000000084800000| Complete 
|  37|0x0000000084900000, 0x0000000084a00000, 0x0000000084a00000|100%| O|  |TAMS 0x0000000084900000| PB 0x0000000084900000| Untracked 
|  38|0x0000000084a00000, 0x0000000084b00000, 0x0000000084b00000|100%| O|  |TAMS 0x0000000084a00000| PB 0x0000000084a00000| Untracked 
|  39|0x0000000084b00000, 0x0000000084c00000, 0x0000000084c00000|100%| O|Cm|TAMS 0x0000000084b00000| PB 0x0000000084b00000| Complete 
|  40|0x0000000084c00000, 0x0000000084d00000, 0x0000000084d00000|100%| O|  |TAMS 0x0000000084c00000| PB 0x0000000084c00000| Untracked 
|  41|0x0000000084d00000, 0x0000000084e00000, 0x0000000084e00000|100%| O|  |TAMS 0x0000000084d00000| PB 0x0000000084d00000| Untracked 
|  42|0x0000000084e00000, 0x0000000084ea0010, 0x0000000084f00000| 62%| O|  |TAMS 0x0000000084e00000| PB 0x0000000084e00000| Untracked 
|  43|0x0000000084f00000, 0x0000000084f00000, 0x0000000085000000|  0%| F|  |TAMS 0x0000000084f00000| PB 0x0000000084f00000| Untracked 
|  44|0x0000000085000000, 0x0000000085000000, 0x0000000085100000|  0%| F|  |TAMS 0x0000000085000000| PB 0x0000000085000000| Untracked 
|  45|0x0000000085100000, 0x0000000085100000, 0x0000000085200000|  0%| F|  |TAMS 0x0000000085100000| PB 0x0000000085100000| Untracked 
|  46|0x0000000085200000, 0x0000000085200000, 0x0000000085300000|  0%| F|  |TAMS 0x0000000085200000| PB 0x0000000085200000| Untracked 
|  47|0x0000000085300000, 0x0000000085300000, 0x0000000085400000|  0%| F|  |TAMS 0x0000000085300000| PB 0x0000000085300000| Untracked 
|  48|0x0000000085400000, 0x000000008546c840, 0x0000000085500000| 42%| S|CS|TAMS 0x0000000085400000| PB 0x0000000085400000| Complete 
|  49|0x0000000085500000, 0x0000000085500000, 0x0000000085600000|  0%| F|  |TAMS 0x0000000085500000| PB 0x0000000085500000| Untracked 
|  50|0x0000000085600000, 0x0000000085600000, 0x0000000085700000|  0%| F|  |TAMS 0x0000000085600000| PB 0x0000000085600000| Untracked 
|  51|0x0000000085700000, 0x0000000085700000, 0x0000000085800000|  0%| F|  |TAMS 0x0000000085700000| PB 0x0000000085700000| Untracked 
|  52|0x0000000085800000, 0x0000000085800000, 0x0000000085900000|  0%| F|  |TAMS 0x0000000085800000| PB 0x0000000085800000| Untracked 
|  53|0x0000000085900000, 0x0000000085a00000, 0x0000000085a00000|100%| S|CS|TAMS 0x0000000085900000| PB 0x0000000085900000| Complete 
|  54|0x0000000085a00000, 0x0000000085a00000, 0x0000000085b00000|  0%| F|  |TAMS 0x0000000085a00000| PB 0x0000000085a00000| Untracked 
|  55|0x0000000085b00000, 0x0000000085b00000, 0x0000000085c00000|  0%| F|  |TAMS 0x0000000085b00000| PB 0x0000000085b00000| Untracked 
|  56|0x0000000085c00000, 0x0000000085c00000, 0x0000000085d00000|  0%| F|  |TAMS 0x0000000085c00000| PB 0x0000000085c00000| Untracked 
|  57|0x0000000085d00000, 0x0000000085d00000, 0x0000000085e00000|  0%| F|  |TAMS 0x0000000085d00000| PB 0x0000000085d00000| Untracked 
|  58|0x0000000085e00000, 0x0000000085e00000, 0x0000000085f00000|  0%| F|  |TAMS 0x0000000085e00000| PB 0x0000000085e00000| Untracked 
|  59|0x0000000085f00000, 0x0000000085f00000, 0x0000000086000000|  0%| F|  |TAMS 0x0000000085f00000| PB 0x0000000085f00000| Untracked 
|  60|0x0000000086000000, 0x0000000086000000, 0x0000000086100000|  0%| F|  |TAMS 0x0000000086000000| PB 0x0000000086000000| Untracked 
|  61|0x0000000086100000, 0x0000000086100000, 0x0000000086200000|  0%| F|  |TAMS 0x0000000086100000| PB 0x0000000086100000| Untracked 
|  62|0x0000000086200000, 0x0000000086200000, 0x0000000086300000|  0%| F|  |TAMS 0x0000000086200000| PB 0x0000000086200000| Untracked 
|  63|0x0000000086300000, 0x0000000086300000, 0x0000000086400000|  0%| F|  |TAMS 0x0000000086300000| PB 0x0000000086300000| Untracked 
|  64|0x0000000086400000, 0x0000000086480800, 0x0000000086500000| 50%| E|  |TAMS 0x0000000086400000| PB 0x0000000086400000| Complete 
|  65|0x0000000086500000, 0x0000000086600000, 0x0000000086600000|100%| E|CS|TAMS 0x0000000086500000| PB 0x0000000086500000| Complete 
|  66|0x0000000086600000, 0x0000000086700000, 0x0000000086700000|100%| E|CS|TAMS 0x0000000086600000| PB 0x0000000086600000| Complete 
|  67|0x0000000086700000, 0x0000000086800000, 0x0000000086800000|100%| E|CS|TAMS 0x0000000086700000| PB 0x0000000086700000| Complete 
|  68|0x0000000086800000, 0x0000000086900000, 0x0000000086900000|100%| E|CS|TAMS 0x0000000086800000| PB 0x0000000086800000| Complete 
|  69|0x0000000086900000, 0x0000000086a00000, 0x0000000086a00000|100%| E|CS|TAMS 0x0000000086900000| PB 0x0000000086900000| Complete 
|  70|0x0000000086a00000, 0x0000000086b00000, 0x0000000086b00000|100%| E|CS|TAMS 0x0000000086a00000| PB 0x0000000086a00000| Complete 
|  71|0x0000000086b00000, 0x0000000086c00000, 0x0000000086c00000|100%| E|CS|TAMS 0x0000000086b00000| PB 0x0000000086b00000| Complete 
|  72|0x0000000086c00000, 0x0000000086d00000, 0x0000000086d00000|100%| E|CS|TAMS 0x0000000086c00000| PB 0x0000000086c00000| Complete 
|  73|0x0000000086d00000, 0x0000000086e00000, 0x0000000086e00000|100%| E|CS|TAMS 0x0000000086d00000| PB 0x0000000086d00000| Complete 
|  74|0x0000000086e00000, 0x0000000086f00000, 0x0000000086f00000|100%| E|CS|TAMS 0x0000000086e00000| PB 0x0000000086e00000| Complete 
|  75|0x0000000086f00000, 0x0000000087000000, 0x0000000087000000|100%| E|CS|TAMS 0x0000000086f00000| PB 0x0000000086f00000| Complete 
|  76|0x0000000087000000, 0x0000000087100000, 0x0000000087100000|100%| E|CS|TAMS 0x0000000087000000| PB 0x0000000087000000| Complete 
|  77|0x0000000087100000, 0x0000000087200000, 0x0000000087200000|100%| E|CS|TAMS 0x0000000087100000| PB 0x0000000087100000| Complete 
|  78|0x0000000087200000, 0x0000000087300000, 0x0000000087300000|100%| E|CS|TAMS 0x0000000087200000| PB 0x0000000087200000| Complete 
|  79|0x0000000087300000, 0x0000000087400000, 0x0000000087400000|100%| E|CS|TAMS 0x0000000087300000| PB 0x0000000087300000| Complete 
|  80|0x0000000087400000, 0x0000000087500000, 0x0000000087500000|100%| E|CS|TAMS 0x0000000087400000| PB 0x0000000087400000| Complete 
|  81|0x0000000087500000, 0x0000000087600000, 0x0000000087600000|100%| E|CS|TAMS 0x0000000087500000| PB 0x0000000087500000| Complete 
|  82|0x0000000087600000, 0x0000000087700000, 0x0000000087700000|100%| E|CS|TAMS 0x0000000087600000| PB 0x0000000087600000| Complete 
|  83|0x0000000087700000, 0x0000000087800000, 0x0000000087800000|100%| E|CS|TAMS 0x0000000087700000| PB 0x0000000087700000| Complete 
|  84|0x0000000087800000, 0x0000000087900000, 0x0000000087900000|100%| E|CS|TAMS 0x0000000087800000| PB 0x0000000087800000| Complete 
|  85|0x0000000087900000, 0x0000000087a00000, 0x0000000087a00000|100%| E|CS|TAMS 0x0000000087900000| PB 0x0000000087900000| Complete 
|  86|0x0000000087a00000, 0x0000000087b00000, 0x0000000087b00000|100%| E|CS|TAMS 0x0000000087a00000| PB 0x0000000087a00000| Complete 
|  87|0x0000000087b00000, 0x0000000087c00000, 0x0000000087c00000|100%| E|CS|TAMS 0x0000000087b00000| PB 0x0000000087b00000| Complete 
|  88|0x0000000087c00000, 0x0000000087d00000, 0x0000000087d00000|100%| E|CS|TAMS 0x0000000087c00000| PB 0x0000000087c00000| Complete 
|  89|0x0000000087d00000, 0x0000000087e00000, 0x0000000087e00000|100%| E|CS|TAMS 0x0000000087d00000| PB 0x0000000087d00000| Complete 
|  90|0x0000000087e00000, 0x0000000087f00000, 0x0000000087f00000|100%| E|CS|TAMS 0x0000000087e00000| PB 0x0000000087e00000| Complete 
|  91|0x0000000087f00000, 0x0000000088000000, 0x0000000088000000|100%| E|CS|TAMS 0x0000000087f00000| PB 0x0000000087f00000| Complete 
|  92|0x0000000088000000, 0x0000000088100000, 0x0000000088100000|100%| E|CS|TAMS 0x0000000088000000| PB 0x0000000088000000| Complete 
|  93|0x0000000088100000, 0x0000000088200000, 0x0000000088200000|100%| E|CS|TAMS 0x0000000088100000| PB 0x0000000088100000| Complete 
|  94|0x0000000088200000, 0x0000000088300000, 0x0000000088300000|100%| E|CS|TAMS 0x0000000088200000| PB 0x0000000088200000| Complete 
|  95|0x0000000088300000, 0x0000000088400000, 0x0000000088400000|100%| E|CS|TAMS 0x0000000088300000| PB 0x0000000088300000| Complete 
|  96|0x0000000088400000, 0x0000000088500000, 0x0000000088500000|100%| E|CS|TAMS 0x0000000088400000| PB 0x0000000088400000| Complete 
|  97|0x0000000088500000, 0x0000000088600000, 0x0000000088600000|100%| E|CS|TAMS 0x0000000088500000| PB 0x0000000088500000| Complete 
|  98|0x0000000088600000, 0x0000000088700000, 0x0000000088700000|100%| E|CS|TAMS 0x0000000088600000| PB 0x0000000088600000| Complete 
|  99|0x0000000088700000, 0x0000000088800000, 0x0000000088800000|100%| E|CS|TAMS 0x0000000088700000| PB 0x0000000088700000| Complete 
| 100|0x0000000088800000, 0x0000000088900000, 0x0000000088900000|100%| E|CS|TAMS 0x0000000088800000| PB 0x0000000088800000| Complete 
| 101|0x0000000088900000, 0x0000000088a00000, 0x0000000088a00000|100%| E|CS|TAMS 0x0000000088900000| PB 0x0000000088900000| Complete 
| 102|0x0000000088a00000, 0x0000000088b00000, 0x0000000088b00000|100%| E|CS|TAMS 0x0000000088a00000| PB 0x0000000088a00000| Complete 
| 103|0x0000000088b00000, 0x0000000088c00000, 0x0000000088c00000|100%| E|CS|TAMS 0x0000000088b00000| PB 0x0000000088b00000| Complete 
| 104|0x0000000088c00000, 0x0000000088d00000, 0x0000000088d00000|100%| E|CS|TAMS 0x0000000088c00000| PB 0x0000000088c00000| Complete 
| 105|0x0000000088d00000, 0x0000000088e00000, 0x0000000088e00000|100%| E|CS|TAMS 0x0000000088d00000| PB 0x0000000088d00000| Complete 
| 106|0x0000000088e00000, 0x0000000088f00000, 0x0000000088f00000|100%| E|CS|TAMS 0x0000000088e00000| PB 0x0000000088e00000| Complete 
| 120|0x0000000089c00000, 0x0000000089d00000, 0x0000000089d00000|100%| E|CS|TAMS 0x0000000089c00000| PB 0x0000000089c00000| Complete 
| 121|0x0000000089d00000, 0x0000000089e00000, 0x0000000089e00000|100%| E|CS|TAMS 0x0000000089d00000| PB 0x0000000089d00000| Complete 
| 122|0x0000000089e00000, 0x0000000089f00000, 0x0000000089f00000|100%| E|CS|TAMS 0x0000000089e00000| PB 0x0000000089e00000| Complete 
| 123|0x0000000089f00000, 0x000000008a000000, 0x000000008a000000|100%| E|CS|TAMS 0x0000000089f00000| PB 0x0000000089f00000| Complete 
| 125|0x000000008a100000, 0x000000008a200000, 0x000000008a200000|100%| E|CS|TAMS 0x000000008a100000| PB 0x000000008a100000| Complete 

Card table byte_map: [0x000001f74cc60000,0x000001f74d050000] _byte_map_base: 0x000001f74c84e000

Marking Bits: (CMBitMap*) 0x000001f73513f960
 Bits: [0x000001f74d050000, 0x000001f74efc0000)

Polling page: 0x000001f7348b0000

Metaspace:

Usage:
  Non-class:     75.11 MB used.
      Class:     11.96 MB used.
       Both:     87.07 MB used.

Virtual space:
  Non-class space:      128.00 MB reserved,      75.50 MB ( 59%) committed,  2 nodes.
      Class space:        1.00 GB reserved,      12.25 MB (  1%) committed,  1 nodes.
             Both:        1.12 GB reserved,      87.75 MB (  8%) committed. 

Chunk freelists:
   Non-Class:  4.41 MB
       Class:  3.58 MB
        Both:  7.98 MB

MaxMetaspaceSize: unlimited
CompressedClassSpaceSize: 1.00 GB
Initial GC threshold: 21.00 MB
Current GC threshold: 139.31 MB
CDS: on
 - commit_granule_bytes: 65536.
 - commit_granule_words: 8192.
 - virtual_space_node_default_size: 8388608.
 - enlarge_chunks_in_place: 1.
 - use_allocation_guard: 0.


Internal statistics:

num_allocs_failed_limit: 12.
num_arena_births: 972.
num_arena_deaths: 0.
num_vsnodes_births: 3.
num_vsnodes_deaths: 0.
num_space_committed: 1404.
num_space_uncommitted: 0.
num_chunks_returned_to_freelist: 12.
num_chunks_taken_from_freelist: 4168.
num_chunk_merges: 9.
num_chunk_splits: 3096.
num_chunks_enlarged: 2519.
num_inconsistent_stats: 0.

CodeHeap 'non-profiled nmethods': size=120000Kb used=4501Kb max_used=4501Kb free=115498Kb
 bounds [0x000001f745010000, 0x000001f745480000, 0x000001f74c540000]
CodeHeap 'profiled nmethods': size=120000Kb used=13548Kb max_used=13941Kb free=106451Kb
 bounds [0x000001f73d540000, 0x000001f73e2e0000, 0x000001f744a70000]
CodeHeap 'non-nmethods': size=5760Kb used=1716Kb max_used=1802Kb free=4043Kb
 bounds [0x000001f744a70000, 0x000001f744ce0000, 0x000001f745010000]
 total_blobs=7760 nmethods=7015 adapters=648
 compilation: enabled
              stopped_count=0, restarted_count=0
 full_count=0

Compilation events (20 events):
Event: 9.206 Thread 0x000001f75191fae0 8112       3       org.springframework.boot.context.properties.source.SpringIterableConfigurationPropertySource::isImmutablePropertySource (52 bytes)
Event: 9.206 Thread 0x000001f75191fae0 nmethod 8112 0x000001f73d738590 code [0x000001f73d7387a0, 0x000001f73d738ff0]
Event: 9.206 Thread 0x000001f75191fae0 8113       3       org.springframework.boot.context.properties.bind.Bindable::withAnnotations (38 bytes)
Event: 9.206 Thread 0x000001f75191fae0 nmethod 8113 0x000001f73d959690 code [0x000001f73d959840, 0x000001f73d959a70]
Event: 9.209 Thread 0x000001f75191fae0 8117       3       org.springframework.util.ReflectionUtils::hasSameParams (26 bytes)
Event: 9.210 Thread 0x000001f75191fae0 nmethod 8117 0x000001f73d755690 code [0x000001f73d755880, 0x000001f73d755cc0]
Event: 9.211 Thread 0x000001f75191fae0 8118       3       org.springframework.core.MethodParameter::getMethodAnnotations (14 bytes)
Event: 9.211 Thread 0x000001f75191fae0 nmethod 8118 0x000001f73d754d90 code [0x000001f73d754f60, 0x000001f73d755378]
Event: 9.215 Thread 0x000001f75191fae0 8120       3       java.lang.invoke.LambdaForm::create (12 bytes)
Event: 9.215 Thread 0x000001f75191fae0 nmethod 8120 0x000001f73da30310 code [0x000001f73da304c0, 0x000001f73da305e8]
Event: 9.216 Thread 0x000001f75191fae0 8121       3       java.lang.ClassLoader::getSystemClassLoader (96 bytes)
Event: 9.217 Thread 0x000001f75191fae0 nmethod 8121 0x000001f73d819d10 code [0x000001f73d819f00, 0x000001f73d81a398]
Event: 9.222 Thread 0x000001f75191fae0 8123       1       org.springframework.beans.factory.support.AbstractAutowireCapableBeanFactory::getLogger (5 bytes)
Event: 9.222 Thread 0x000001f75191fae0 nmethod 8123 0x000001f745475310 code [0x000001f7454754a0, 0x000001f745475568]
Event: 9.222 Thread 0x000001f75191fae0 8124       3       org.springframework.core.MethodParameter::forExecutable (58 bytes)
Event: 9.223 Thread 0x000001f75191fae0 nmethod 8124 0x000001f73d792610 code [0x000001f73d7928a0, 0x000001f73d793660]
Event: 9.224 Thread 0x000001f75191fae0 8125       3       org.springframework.beans.propertyeditors.ClassEditor::<init> (20 bytes)
Event: 9.224 Thread 0x000001f75191fae0 nmethod 8125 0x000001f73d819410 code [0x000001f73d8195e0, 0x000001f73d819970]
Event: 9.224 Thread 0x000001f75191fae0 8126       3       org.springframework.beans.propertyeditors.ClassArrayEditor::<init> (20 bytes)
Event: 9.225 Thread 0x000001f75191fae0 nmethod 8126 0x000001f73d941a10 code [0x000001f73d941be0, 0x000001f73d941f70]

GC Heap History (20 events):
Event: 3.614 GC heap before
{Heap before GC invocations=7 (full 0):
 garbage-first heap   total 65536K, used 51831K [0x0000000082400000, 0x0000000100000000)
  region size 1024K, 31 young (31744K), 3 survivors (3072K)
 Metaspace       used 34233K, committed 34688K, reserved 1114112K
  class space    used 4555K, committed 4736K, reserved 1048576K
}
Event: 3.622 GC heap after
{Heap after GC invocations=8 (full 0):
 garbage-first heap   total 78848K, used 26211K [0x0000000082400000, 0x0000000100000000)
  region size 1024K, 3 young (3072K), 3 survivors (3072K)
 Metaspace       used 34233K, committed 34688K, reserved 1114112K
  class space    used 4555K, committed 4736K, reserved 1048576K
}
Event: 3.750 GC heap before
{Heap before GC invocations=8 (full 0):
 garbage-first heap   total 78848K, used 30307K [0x0000000082400000, 0x0000000100000000)
  region size 1024K, 8 young (8192K), 3 survivors (3072K)
 Metaspace       used 35623K, committed 36096K, reserved 1114112K
  class space    used 4706K, committed 4928K, reserved 1048576K
}
Event: 3.756 GC heap after
{Heap after GC invocations=9 (full 0):
 garbage-first heap   total 78848K, used 26238K [0x0000000082400000, 0x0000000100000000)
  region size 1024K, 3 young (3072K), 3 survivors (3072K)
 Metaspace       used 35623K, committed 36096K, reserved 1114112K
  class space    used 4706K, committed 4928K, reserved 1048576K
}
Event: 4.588 GC heap before
{Heap before GC invocations=10 (full 0):
 garbage-first heap   total 78848K, used 67198K [0x0000000082400000, 0x0000000100000000)
  region size 1024K, 43 young (44032K), 3 survivors (3072K)
 Metaspace       used 45629K, committed 46144K, reserved 1114112K
  class space    used 5880K, committed 6144K, reserved 1048576K
}
Event: 4.598 GC heap after
{Heap after GC invocations=11 (full 0):
 garbage-first heap   total 78848K, used 30442K [0x0000000082400000, 0x0000000100000000)
  region size 1024K, 6 young (6144K), 6 survivors (6144K)
 Metaspace       used 45629K, committed 46144K, reserved 1114112K
  class space    used 5880K, committed 6144K, reserved 1048576K
}
Event: 4.855 GC heap before
{Heap before GC invocations=11 (full 0):
 garbage-first heap   total 78848K, used 67306K [0x0000000082400000, 0x0000000100000000)
  region size 1024K, 42 young (43008K), 6 survivors (6144K)
 Metaspace       used 47375K, committed 47808K, reserved 1114112K
  class space    used 6119K, committed 6336K, reserved 1048576K
}
Event: 4.867 GC heap after
{Heap after GC invocations=12 (full 0):
 garbage-first heap   total 78848K, used 31368K [0x0000000082400000, 0x0000000100000000)
  region size 1024K, 1 young (1024K), 1 survivors (1024K)
 Metaspace       used 47375K, committed 47808K, reserved 1114112K
  class space    used 6119K, committed 6336K, reserved 1048576K
}
Event: 5.310 GC heap before
{Heap before GC invocations=12 (full 0):
 garbage-first heap   total 78848K, used 69256K [0x0000000082400000, 0x0000000100000000)
  region size 1024K, 38 young (38912K), 1 survivors (1024K)
 Metaspace       used 50275K, committed 50752K, reserved 1114112K
  class space    used 6480K, committed 6656K, reserved 1048576K
}
Event: 5.314 GC heap after
{Heap after GC invocations=13 (full 0):
 garbage-first heap   total 95232K, used 31614K [0x0000000082400000, 0x0000000100000000)
  region size 1024K, 2 young (2048K), 2 survivors (2048K)
 Metaspace       used 50275K, committed 50752K, reserved 1114112K
  class space    used 6480K, committed 6656K, reserved 1048576K
}
Event: 6.163 GC heap before
{Heap before GC invocations=13 (full 0):
 garbage-first heap   total 95232K, used 76670K [0x0000000082400000, 0x0000000100000000)
  region size 1024K, 47 young (48128K), 2 survivors (2048K)
 Metaspace       used 60059K, committed 60608K, reserved 1114112K
  class space    used 7929K, committed 8192K, reserved 1048576K
}
Event: 6.171 GC heap after
{Heap after GC invocations=14 (full 0):
 garbage-first heap   total 95232K, used 33744K [0x0000000082400000, 0x0000000100000000)
  region size 1024K, 4 young (4096K), 4 survivors (4096K)
 Metaspace       used 60059K, committed 60608K, reserved 1114112K
  class space    used 7929K, committed 8192K, reserved 1048576K
}
Event: 7.042 GC heap before
{Heap before GC invocations=15 (full 0):
 garbage-first heap   total 95232K, used 83920K [0x0000000082400000, 0x0000000100000000)
  region size 1024K, 53 young (54272K), 4 survivors (4096K)
 Metaspace       used 72969K, committed 73600K, reserved 1114112K
  class space    used 9886K, committed 10176K, reserved 1048576K
}
Event: 7.054 GC heap after
{Heap after GC invocations=16 (full 0):
 garbage-first heap   total 95232K, used 36077K [0x0000000082400000, 0x0000000100000000)
  region size 1024K, 6 young (6144K), 6 survivors (6144K)
 Metaspace       used 72969K, committed 73600K, reserved 1114112K
  class space    used 9886K, committed 10176K, reserved 1048576K
}
Event: 7.727 GC heap before
{Heap before GC invocations=16 (full 0):
 garbage-first heap   total 95232K, used 82157K [0x0000000082400000, 0x0000000100000000)
  region size 1024K, 51 young (52224K), 6 survivors (6144K)
 Metaspace       used 79359K, committed 79936K, reserved 1179648K
  class space    used 10678K, committed 10944K, reserved 1048576K
}
Event: 7.740 GC heap after
{Heap after GC invocations=17 (full 0):
 garbage-first heap   total 95232K, used 40134K [0x0000000082400000, 0x0000000100000000)
  region size 1024K, 7 young (7168K), 7 survivors (7168K)
 Metaspace       used 79359K, committed 79936K, reserved 1179648K
  class space    used 10678K, committed 10944K, reserved 1048576K
}
Event: 8.236 GC heap before
{Heap before GC invocations=17 (full 0):
 garbage-first heap   total 95232K, used 81094K [0x0000000082400000, 0x0000000100000000)
  region size 1024K, 47 young (48128K), 7 survivors (7168K)
 Metaspace       used 83090K, committed 83648K, reserved 1179648K
  class space    used 11403K, committed 11648K, reserved 1048576K
}
Event: 8.249 GC heap after
{Heap after GC invocations=18 (full 0):
 garbage-first heap   total 95232K, used 44544K [0x0000000082400000, 0x0000000100000000)
  region size 1024K, 4 young (4096K), 4 survivors (4096K)
 Metaspace       used 83090K, committed 83648K, reserved 1179648K
  class space    used 11403K, committed 11648K, reserved 1048576K
}
Event: 8.494 GC heap before
{Heap before GC invocations=18 (full 0):
 garbage-first heap   total 95232K, used 83456K [0x0000000082400000, 0x0000000100000000)
  region size 1024K, 43 young (44032K), 4 survivors (4096K)
 Metaspace       used 84672K, committed 85248K, reserved 1179648K
  class space    used 11586K, committed 11840K, reserved 1048576K
}
Event: 8.500 GC heap after
{Heap after GC invocations=19 (full 0):
 garbage-first heap   total 114688K, used 45106K [0x0000000082400000, 0x0000000100000000)
  region size 1024K, 2 young (2048K), 2 survivors (2048K)
 Metaspace       used 84672K, committed 85248K, reserved 1179648K
  class space    used 11586K, committed 11840K, reserved 1048576K
}

Dll operation events (10 events):
Event: 0.009 Loaded shared library C:\Users\denys\.jdks\openjdk-21.0.2\bin\java.dll
Event: 0.051 Loaded shared library C:\Users\denys\.jdks\openjdk-21.0.2\bin\jsvml.dll
Event: 0.073 Loaded shared library C:\Users\denys\.jdks\openjdk-21.0.2\bin\net.dll
Event: 0.077 Loaded shared library C:\Users\denys\.jdks\openjdk-21.0.2\bin\nio.dll
Event: 0.080 Loaded shared library C:\Users\denys\.jdks\openjdk-21.0.2\bin\zip.dll
Event: 0.155 Loaded shared library C:\Users\denys\.jdks\openjdk-21.0.2\bin\management.dll
Event: 0.162 Loaded shared library C:\Users\denys\.jdks\openjdk-21.0.2\bin\management_ext.dll
Event: 0.178 Loaded shared library C:\Users\denys\.jdks\openjdk-21.0.2\bin\jimage.dll
Event: 2.322 Loaded shared library C:\Users\denys\.jdks\openjdk-21.0.2\bin\sunmscapi.dll
Event: 5.808 Loaded shared library C:\Users\denys\.jdks\openjdk-21.0.2\bin\verify.dll

Deoptimization events (20 events):
Event: 9.175 Thread 0x000001f73302faa0 Uncommon trap: trap_request=0xffffff45 fr.pc=0x000001f7451739d0 relative=0x00000000000002f0
Event: 9.175 Thread 0x000001f73302faa0 Uncommon trap: reason=unstable_if action=reinterpret pc=0x000001f7451739d0 method=java.io.WinNTFileSystem.prefixLength(Ljava/lang/String;)I @ 42 c2
Event: 9.175 Thread 0x000001f73302faa0 DEOPT PACKING pc=0x000001f7451739d0 sp=0x000000f356ffb1d0
Event: 9.175 Thread 0x000001f73302faa0 DEOPT UNPACKING pc=0x000001f744ac46a2 sp=0x000000f356ffb168 mode 2
Event: 9.196 Thread 0x000001f73302faa0 Uncommon trap: trap_request=0xffffffbe fr.pc=0x000001f745471f50 relative=0x0000000000000670
Event: 9.196 Thread 0x000001f73302faa0 Uncommon trap: reason=profile_predicate action=maybe_recompile pc=0x000001f745471f50 method=org.springframework.util.ReflectionUtils.findMethod(Ljava/lang/Class;Ljava/lang/String;[Ljava/lang/Class;)Ljava/lang/reflect/Method; @ 55 c2
Event: 9.196 Thread 0x000001f73302faa0 DEOPT PACKING pc=0x000001f745471f50 sp=0x000000f356ffa510
Event: 9.196 Thread 0x000001f73302faa0 DEOPT UNPACKING pc=0x000001f744ac46a2 sp=0x000000f356ffa4d0 mode 2
Event: 9.196 Thread 0x000001f73302faa0 Uncommon trap: trap_request=0xffffffbe fr.pc=0x000001f745471f50 relative=0x0000000000000670
Event: 9.196 Thread 0x000001f73302faa0 Uncommon trap: reason=profile_predicate action=maybe_recompile pc=0x000001f745471f50 method=org.springframework.util.ReflectionUtils.findMethod(Ljava/lang/Class;Ljava/lang/String;[Ljava/lang/Class;)Ljava/lang/reflect/Method; @ 55 c2
Event: 9.196 Thread 0x000001f73302faa0 DEOPT PACKING pc=0x000001f745471f50 sp=0x000000f356ffa510
Event: 9.196 Thread 0x000001f73302faa0 DEOPT UNPACKING pc=0x000001f744ac46a2 sp=0x000000f356ffa4d0 mode 2
Event: 9.196 Thread 0x000001f73302faa0 Uncommon trap: trap_request=0xffffffbe fr.pc=0x000001f745471f50 relative=0x0000000000000670
Event: 9.196 Thread 0x000001f73302faa0 Uncommon trap: reason=profile_predicate action=maybe_recompile pc=0x000001f745471f50 method=org.springframework.util.ReflectionUtils.findMethod(Ljava/lang/Class;Ljava/lang/String;[Ljava/lang/Class;)Ljava/lang/reflect/Method; @ 55 c2
Event: 9.196 Thread 0x000001f73302faa0 DEOPT PACKING pc=0x000001f745471f50 sp=0x000000f356ffa510
Event: 9.196 Thread 0x000001f73302faa0 DEOPT UNPACKING pc=0x000001f744ac46a2 sp=0x000000f356ffa4d0 mode 2
Event: 9.196 Thread 0x000001f73302faa0 Uncommon trap: trap_request=0xffffffbe fr.pc=0x000001f745471f50 relative=0x0000000000000670
Event: 9.196 Thread 0x000001f73302faa0 Uncommon trap: reason=profile_predicate action=maybe_recompile pc=0x000001f745471f50 method=org.springframework.util.ReflectionUtils.findMethod(Ljava/lang/Class;Ljava/lang/String;[Ljava/lang/Class;)Ljava/lang/reflect/Method; @ 55 c2
Event: 9.196 Thread 0x000001f73302faa0 DEOPT PACKING pc=0x000001f745471f50 sp=0x000000f356ffa510
Event: 9.196 Thread 0x000001f73302faa0 DEOPT UNPACKING pc=0x000001f744ac46a2 sp=0x000000f356ffa4d0 mode 2

Classes loaded (20 events):
Event: 8.908 Loading class sun/reflect/annotation/TypeAnnotation$TypeAnnotationTargetInfo
Event: 8.908 Loading class sun/reflect/annotation/TypeAnnotation$TypeAnnotationTargetInfo done
Event: 8.935 Loading class java/util/HashMap$EntrySpliterator
Event: 8.936 Loading class java/util/HashMap$EntrySpliterator done
Event: 9.005 Loading class java/util/EnumMap$EntrySet
Event: 9.005 Loading class java/util/EnumMap$EntrySet done
Event: 9.005 Loading class java/util/EnumMap$EntryIterator
Event: 9.005 Loading class java/util/EnumMap$EnumMapIterator
Event: 9.005 Loading class java/util/EnumMap$EnumMapIterator done
Event: 9.005 Loading class java/util/EnumMap$EntryIterator done
Event: 9.170 Loading class java/lang/UnsatisfiedLinkError
Event: 9.170 Loading class java/lang/UnsatisfiedLinkError done
Event: 9.212 Loading class jdk/internal/classfile/ClassBuilder
Event: 9.212 Loading class jdk/internal/classfile/ClassfileBuilder
Event: 9.212 Loading class jdk/internal/classfile/ClassfileBuilder done
Event: 9.212 Loading class jdk/internal/classfile/ClassBuilder done
Event: 9.212 Loading class jdk/internal/classfile/ClassElement
Event: 9.212 Loading class jdk/internal/classfile/ClassfileElement
Event: 9.212 Loading class jdk/internal/classfile/ClassfileElement done
Event: 9.212 Loading class jdk/internal/classfile/ClassElement done

Classes unloaded (0 events):
No events

Classes redefined (0 events):
No events

Internal exceptions (20 events):
Event: 6.888 Thread 0x000001f73302faa0 Exception <a 'java/lang/NoSuchMethodError'{0x0000000085aff0d8}: 'java.lang.Object java.lang.invoke.Invokers$Holder.linkToTargetMethod(java.lang.Object, java.lang.Object, java.lang.Object, java.lang.Object, java.lang.Object, java.lang.Object, java.lang.Object, java.lang.Object, java.lang.Object, java.lang.Object, java.lang.Object, java.lang.Object)'> (0x0000000085aff0d8) 
thrown [s\open\src\hotspot\share\interpreter\linkResolver.cpp, line 773]
Event: 6.898 Thread 0x000001f73302faa0 Exception <a 'java/lang/IncompatibleClassChangeError'{0x0000000085982ca8}: Found class java.lang.Object, but interface was expected> (0x0000000085982ca8) 
thrown [s\open\src\hotspot\share\interpreter\linkResolver.cpp, line 840]
Event: 6.923 Thread 0x000001f73302faa0 Exception <a 'java/lang/NoSuchMethodError'{0x0000000085704ec0}: 'java.lang.Object java.lang.invoke.DirectMethodHandle$Holder.newInvokeSpecial(java.lang.Object, java.lang.Object, java.lang.Object, java.lang.Object, java.lang.Object, java.lang.Object, java.lang.Object, int)'> (0x0000000085704ec0) 
thrown [s\open\src\hotspot\share\interpreter\linkResolver.cpp, line 773]
Event: 6.923 Thread 0x000001f73302faa0 Exception <a 'java/lang/NoSuchMethodError'{0x0000000085709be8}: 'java.lang.Object java.lang.invoke.DirectMethodHandle$Holder.invokeSpecial(java.lang.Object, java.lang.Object, java.lang.Object, java.lang.Object, java.lang.Object, java.lang.Object, java.lang.Object, java.lang.Object, int)'> (0x0000000085709be8) 
thrown [s\open\src\hotspot\share\interpreter\linkResolver.cpp, line 773]
Event: 6.923 Thread 0x000001f73302faa0 Exception <a 'java/lang/NoSuchMethodError'{0x000000008570e3c8}: 'java.lang.Object java.lang.invoke.Invokers$Holder.linkToTargetMethod(java.lang.Object, java.lang.Object, java.lang.Object, java.lang.Object, java.lang.Object, java.lang.Object, int, java.lang.Object)'> (0x000000008570e3c8) 
thrown [s\open\src\hotspot\share\interpreter\linkResolver.cpp, line 773]
Event: 6.940 Thread 0x000001f73302faa0 Exception <a 'java/lang/NoSuchMethodError'{0x00000000857db3c8}: 'java.lang.Object java.lang.invoke.DirectMethodHandle$Holder.newInvokeSpecial(java.lang.Object, java.lang.Object, int, java.lang.Object, int, java.lang.Object, java.lang.Object)'> (0x00000000857db3c8) 
thrown [s\open\src\hotspot\share\interpreter\linkResolver.cpp, line 773]
Event: 6.985 Thread 0x000001f73302faa0 Exception <a 'java/lang/NoSuchMethodError'{0x0000000084f07f48}: 'void java.lang.invoke.Invokers$Holder.invokeExact_MT(java.lang.Object, java.lang.Object, java.lang.Object, java.lang.Object)'> (0x0000000084f07f48) 
thrown [s\open\src\hotspot\share\interpreter\linkResolver.cpp, line 773]
Event: 7.067 Thread 0x000001f73302faa0 Implicit null exception at 0x000001f74509cce0 to 0x000001f74509e83c
Event: 7.073 Thread 0x000001f73302faa0 Exception <a 'java/lang/IncompatibleClassChangeError'{0x0000000089fb0a40}: Found class java.lang.Object, but interface was expected> (0x0000000089fb0a40) 
thrown [s\open\src\hotspot\share\interpreter\linkResolver.cpp, line 840]
Event: 7.111 Thread 0x000001f73302faa0 Exception <a 'java/lang/IncompatibleClassChangeError'{0x0000000089d70930}: Found class java.lang.Object, but interface was expected> (0x0000000089d70930) 
thrown [s\open\src\hotspot\share\interpreter\linkResolver.cpp, line 840]
Event: 7.245 Thread 0x000001f73302faa0 Exception <a 'java/lang/IncompatibleClassChangeError'{0x0000000087784260}: Found class java.lang.Object, but interface was expected> (0x0000000087784260) 
thrown [s\open\src\hotspot\share\interpreter\linkResolver.cpp, line 840]
Event: 7.334 Thread 0x000001f73302faa0 Exception <a 'java/lang/IncompatibleClassChangeError'{0x0000000086f901f0}: Found class java.lang.Object, but interface was expected> (0x0000000086f901f0) 
thrown [s\open\src\hotspot\share\interpreter\linkResolver.cpp, line 840]
Event: 7.484 Thread 0x000001f73302faa0 Exception <a 'sun/nio/fs/WindowsException'{0x00000000868e7700}> (0x00000000868e7700) 
thrown [s\open\src\hotspot\share\prims\jni.cpp, line 520]
Event: 8.596 Thread 0x000001f73302faa0 Exception <a 'java/lang/NoSuchMethodError'{0x0000000089cb1018}: 'java.lang.Object java.lang.invoke.DirectMethodHandle$Holder.newInvokeSpecial(java.lang.Object, java.lang.Object, java.lang.Object, java.lang.Object, java.lang.Object, java.lang.Object, java.lang.Object, java.lang.Object)'> (0x0000000089cb1018) 
thrown [s\open\src\hotspot\share\interpreter\linkResolver.cpp, line 773]
Event: 8.694 Thread 0x000001f73302faa0 Exception <a 'java/lang/NoSuchMethodError'{0x000000008877a170}: 'java.lang.Object java.lang.invoke.DirectMethodHandle$Holder.invokeVirtual(java.lang.Object, java.lang.Object, java.lang.Object, java.lang.Object, java.lang.Object, java.lang.Object, java.lang.Object)'> (0x000000008877a170) 
thrown [s\open\src\hotspot\share\interpreter\linkResolver.cpp, line 773]
Event: 9.072 Thread 0x000001f73302faa0 Exception <a 'java/lang/IncompatibleClassChangeError'{0x00000000871b7878}: Found class java.lang.Object, but interface was expected> (0x00000000871b7878) 
thrown [s\open\src\hotspot\share\interpreter\linkResolver.cpp, line 840]
Event: 9.215 Thread 0x000001f73302faa0 Exception <a 'java/lang/NoSuchMethodError'{0x000000008680ab98}: 'void java.lang.invoke.DirectMethodHandle$Holder.invokeInterface(java.lang.Object, java.lang.Object, int)'> (0x000000008680ab98) 
thrown [s\open\src\hotspot\share\interpreter\linkResolver.cpp, line 773]
Event: 9.219 Thread 0x000001f73302faa0 Exception <a 'java/lang/IncompatibleClassChangeError'{0x000000008684b8d0}: Found class java.lang.Object, but interface was expected> (0x000000008684b8d0) 
thrown [s\open\src\hotspot\share\interpreter\linkResolver.cpp, line 840]
Event: 9.220 Thread 0x000001f73302faa0 Exception <a 'java/lang/NoSuchMethodError'{0x0000000086859868}: 'int java.lang.invoke.DirectMethodHandle$Holder.invokeSpecialIFC(java.lang.Object, java.lang.Object, java.lang.Object)'> (0x0000000086859868) 
thrown [s\open\src\hotspot\share\interpreter\linkResolver.cpp, line 773]
Event: 9.221 Thread 0x000001f73302faa0 Exception <a 'java/lang/NoSuchMethodError'{0x0000000086865bb8}: 'void java.lang.invoke.DirectMethodHandle$Holder.invokeStatic(java.lang.Object, int, java.lang.Object)'> (0x0000000086865bb8) 
thrown [s\open\src\hotspot\share\interpreter\linkResolver.cpp, line 773]

ZGC Phase Switch (0 events):
No events

VM Operations (20 events):
Event: 8.023 Executing VM operation: HandshakeAllThreads (Deoptimize)
Event: 8.023 Executing VM operation: HandshakeAllThreads (Deoptimize) done
Event: 8.037 Executing VM operation: ICBufferFull
Event: 8.037 Executing VM operation: ICBufferFull done
Event: 8.236 Executing VM operation: G1CollectForAllocation (G1 Evacuation Pause)
Event: 8.249 Executing VM operation: G1CollectForAllocation (G1 Evacuation Pause) done
Event: 8.494 Executing VM operation: G1CollectForAllocation (G1 Evacuation Pause)
Event: 8.500 Executing VM operation: G1CollectForAllocation (G1 Evacuation Pause) done
Event: 8.529 Executing VM operation: HandshakeAllThreads (Deoptimize)
Event: 8.529 Executing VM operation: HandshakeAllThreads (Deoptimize) done
Event: 8.539 Executing VM operation: G1PauseRemark
Event: 8.546 Executing VM operation: G1PauseRemark done
Event: 8.559 Executing VM operation: G1PauseCleanup
Event: 8.560 Executing VM operation: G1PauseCleanup done
Event: 8.840 Executing VM operation: HandshakeAllThreads (Deoptimize)
Event: 8.840 Executing VM operation: HandshakeAllThreads (Deoptimize) done
Event: 8.896 Executing VM operation: HandshakeAllThreads (Deoptimize)
Event: 8.896 Executing VM operation: HandshakeAllThreads (Deoptimize) done
Event: 8.897 Executing VM operation: HandshakeAllThreads (Deoptimize)
Event: 8.897 Executing VM operation: HandshakeAllThreads (Deoptimize) done

Events (20 events):
Event: 8.545 Thread 0x000001f73300be40 flushing nmethod 0x000001f745138a90
Event: 8.545 Thread 0x000001f73300be40 flushing nmethod 0x000001f745122910
Event: 8.545 Thread 0x000001f73300be40 flushing nmethod 0x000001f745108590
Event: 8.545 Thread 0x000001f73300be40 flushing nmethod 0x000001f7450f3590
Event: 8.545 Thread 0x000001f73300be40 flushing nmethod 0x000001f7450ea310
Event: 8.545 Thread 0x000001f73300be40 flushing nmethod 0x000001f7450cdd10
Event: 8.545 Thread 0x000001f73300be40 flushing nmethod 0x000001f7450cce90
Event: 8.545 Thread 0x000001f73300be40 flushing nmethod 0x000001f7450caa90
Event: 8.545 Thread 0x000001f73300be40 flushing nmethod 0x000001f7450ca590
Event: 8.545 Thread 0x000001f73300be40 flushing nmethod 0x000001f7450a7790
Event: 8.545 Thread 0x000001f73300be40 flushing nmethod 0x000001f74508d610
Event: 8.545 Thread 0x000001f73300be40 flushing nmethod 0x000001f74508b110
Event: 8.545 Thread 0x000001f73300be40 flushing nmethod 0x000001f745048910
Event: 8.545 Thread 0x000001f73300be40 flushing nmethod 0x000001f745044d90
Event: 8.545 Thread 0x000001f73300be40 flushing nmethod 0x000001f74505b410
Event: 8.545 Thread 0x000001f73300be40 flushing nmethod 0x000001f745056690
Event: 8.545 Thread 0x000001f73300be40 flushing nmethod 0x000001f745044990
Event: 8.545 Thread 0x000001f73300be40 flushing nmethod 0x000001f745026d90
Event: 8.545 Thread 0x000001f73300be40 flushing nmethod 0x000001f745010010
Event: 9.224 Thread 0x000001f7976cbc80 Thread exited: 0x000001f7976cbc80


Dynamic libraries:
0x00007ff6b0620000 - 0x00007ff6b062e000 	C:\Users\denys\.jdks\openjdk-21.0.2\bin\java.exe
0x00007ffd8c910000 - 0x00007ffd8cb27000 	C:\Windows\SYSTEM32\ntdll.dll
0x00007ffd8afc0000 - 0x00007ffd8b084000 	C:\Windows\System32\KERNEL32.DLL
0x00007ffd8a1e0000 - 0x00007ffd8a586000 	C:\Windows\System32\KERNELBASE.dll
0x00007ffd8a0c0000 - 0x00007ffd8a1d1000 	C:\Windows\System32\ucrtbase.dll
0x00007ffd834f0000 - 0x00007ffd83508000 	C:\Users\denys\.jdks\openjdk-21.0.2\bin\jli.dll
0x00007ffd81480000 - 0x00007ffd8149b000 	C:\Users\denys\.jdks\openjdk-21.0.2\bin\VCRUNTIME140.dll
0x00007ffd8b560000 - 0x00007ffd8b70e000 	C:\Windows\System32\USER32.dll
0x00007ffd8a630000 - 0x00007ffd8a656000 	C:\Windows\System32\win32u.dll
0x00007ffd8c780000 - 0x00007ffd8c7a9000 	C:\Windows\System32\GDI32.dll
0x00007ffd73ee0000 - 0x00007ffd74173000 	C:\Windows\WinSxS\amd64_microsoft.windows.common-controls_6595b64144ccf1df_6.0.22621.2506_none_270c5ae97388e100\COMCTL32.dll
0x00007ffd89cf0000 - 0x00007ffd89e08000 	C:\Windows\System32\gdi32full.dll
0x00007ffd8b990000 - 0x00007ffd8ba37000 	C:\Windows\System32\msvcrt.dll
0x00007ffd89c50000 - 0x00007ffd89cea000 	C:\Windows\System32\msvcp_win.dll
0x00007ffd8a980000 - 0x00007ffd8a9b1000 	C:\Windows\System32\IMM32.DLL
0x00007ffd850e0000 - 0x00007ffd850ec000 	C:\Users\denys\.jdks\openjdk-21.0.2\bin\vcruntime140_1.dll
0x00007ffd69f70000 - 0x00007ffd69ffe000 	C:\Users\denys\.jdks\openjdk-21.0.2\bin\msvcp140.dll
0x00007ffd1d4e0000 - 0x00007ffd1e1f7000 	C:\Users\denys\.jdks\openjdk-21.0.2\bin\server\jvm.dll
0x00007ffd8a8c0000 - 0x00007ffd8a973000 	C:\Windows\System32\ADVAPI32.dll
0x00007ffd8af10000 - 0x00007ffd8afb8000 	C:\Windows\System32\sechost.dll
0x00007ffd8a600000 - 0x00007ffd8a628000 	C:\Windows\System32\bcrypt.dll
0x00007ffd8b2c0000 - 0x00007ffd8b3d7000 	C:\Windows\System32\RPCRT4.dll
0x00007ffd8a840000 - 0x00007ffd8a8b1000 	C:\Windows\System32\WS2_32.dll
0x00007ffd893d0000 - 0x00007ffd8941d000 	C:\Windows\SYSTEM32\POWRPROF.dll
0x00007ffd82380000 - 0x00007ffd8238a000 	C:\Windows\SYSTEM32\VERSION.dll
0x00007ffd85040000 - 0x00007ffd85074000 	C:\Windows\SYSTEM32\WINMM.dll
0x00007ffd893b0000 - 0x00007ffd893c3000 	C:\Windows\SYSTEM32\UMPDC.dll
0x00007ffd88c40000 - 0x00007ffd88c58000 	C:\Windows\SYSTEM32\kernel.appcore.dll
0x00007ffd85090000 - 0x00007ffd8509a000 	C:\Users\denys\.jdks\openjdk-21.0.2\bin\jimage.dll
0x00007ffd73280000 - 0x00007ffd734b3000 	C:\Windows\SYSTEM32\DBGHELP.DLL
0x00007ffd8ab80000 - 0x00007ffd8af09000 	C:\Windows\System32\combase.dll
0x00007ffd8b480000 - 0x00007ffd8b557000 	C:\Windows\System32\OLEAUT32.dll
0x00007ffd72db0000 - 0x00007ffd72de2000 	C:\Windows\SYSTEM32\dbgcore.DLL
0x00007ffd89ed0000 - 0x00007ffd89f4a000 	C:\Windows\System32\bcryptPrimitives.dll
0x00007ffd76b10000 - 0x00007ffd76b2f000 	C:\Users\denys\.jdks\openjdk-21.0.2\bin\java.dll
0x00007ffd8ba40000 - 0x00007ffd8c29a000 	C:\Windows\System32\SHELL32.dll
0x00007ffd87b50000 - 0x00007ffd88446000 	C:\Windows\SYSTEM32\windows.storage.dll
0x00007ffd87a10000 - 0x00007ffd87b4e000 	C:\Windows\SYSTEM32\wintypes.dll
0x00007ffd8b710000 - 0x00007ffd8b803000 	C:\Windows\System32\SHCORE.dll
0x00007ffd8a660000 - 0x00007ffd8a6be000 	C:\Windows\System32\shlwapi.dll
0x00007ffd89b80000 - 0x00007ffd89ba6000 	C:\Windows\SYSTEM32\profapi.dll
0x00007ffd61080000 - 0x00007ffd61157000 	C:\Users\denys\.jdks\openjdk-21.0.2\bin\jsvml.dll
0x00007ffd834e0000 - 0x00007ffd834f0000 	C:\Users\denys\.jdks\openjdk-21.0.2\bin\net.dll
0x00007ffd81f10000 - 0x00007ffd82047000 	C:\Windows\SYSTEM32\WINHTTP.dll
0x00007ffd890a0000 - 0x00007ffd89109000 	C:\Windows\system32\mswsock.dll
0x00007ffd75a40000 - 0x00007ffd75a56000 	C:\Users\denys\.jdks\openjdk-21.0.2\bin\nio.dll
0x00007ffd6f740000 - 0x00007ffd6f758000 	C:\Users\denys\.jdks\openjdk-21.0.2\bin\zip.dll
0x00007ffd788f0000 - 0x00007ffd788fa000 	C:\Users\denys\.jdks\openjdk-21.0.2\bin\management.dll
0x00007ffd784b0000 - 0x00007ffd784bb000 	C:\Users\denys\.jdks\openjdk-21.0.2\bin\management_ext.dll
0x00007ffd8b460000 - 0x00007ffd8b468000 	C:\Windows\System32\PSAPI.DLL
0x00007ffd706a0000 - 0x00007ffd706ae000 	C:\Users\denys\.jdks\openjdk-21.0.2\bin\sunmscapi.dll
0x00007ffd89f50000 - 0x00007ffd8a0b6000 	C:\Windows\System32\CRYPT32.dll
0x00007ffd89600000 - 0x00007ffd8962e000 	C:\Windows\SYSTEM32\ncrypt.dll
0x00007ffd895c0000 - 0x00007ffd895f7000 	C:\Windows\SYSTEM32\NTASN1.dll
0x00007ffd894f0000 - 0x00007ffd8950b000 	C:\Windows\SYSTEM32\CRYPTSP.dll
0x00007ffd88ba0000 - 0x00007ffd88bd5000 	C:\Windows\system32\rsaenh.dll
0x00007ffd891b0000 - 0x00007ffd891dc000 	C:\Windows\SYSTEM32\USERENV.dll
0x00007ffd894d0000 - 0x00007ffd894dc000 	C:\Windows\SYSTEM32\CRYPTBASE.dll
0x00007ffd886b0000 - 0x00007ffd886dd000 	C:\Windows\SYSTEM32\IPHLPAPI.DLL
0x00007ffd8b470000 - 0x00007ffd8b479000 	C:\Windows\System32\NSI.dll
0x00007ffd62660000 - 0x00007ffd62677000 	C:\Windows\system32\napinsp.dll
0x00007ffd61550000 - 0x00007ffd6156b000 	C:\Windows\system32\pnrpnsp.dll
0x00007ffd886e0000 - 0x00007ffd887d9000 	C:\Windows\SYSTEM32\DNSAPI.dll
0x00007ffd614d0000 - 0x00007ffd614e1000 	C:\Windows\System32\winrnr.dll
0x00007ffd81360000 - 0x00007ffd81375000 	C:\Windows\system32\wshbth.dll
0x00007ffd614a0000 - 0x00007ffd614c1000 	C:\Windows\system32\nlansp_c.dll
0x00007ffd7aed0000 - 0x00007ffd7aeda000 	C:\Windows\System32\rasadhlp.dll
0x00007ffd809f0000 - 0x00007ffd80a73000 	C:\Windows\System32\fwpuclnt.dll
0x00007ffd705c0000 - 0x00007ffd705d0000 	C:\Users\denys\.jdks\openjdk-21.0.2\bin\verify.dll

dbghelp: loaded successfully - version: 4.0.5 - missing functions: none
symbol engine: initialized successfully - sym options: 0x614 - pdb path: .;C:\Users\denys\.jdks\openjdk-21.0.2\bin;C:\Windows\SYSTEM32;C:\Windows\WinSxS\amd64_microsoft.windows.common-controls_6595b64144ccf1df_6.0.22621.2506_none_270c5ae97388e100;C:\Users\denys\.jdks\openjdk-21.0.2\bin\server

VM Arguments:
java_command: C:\Users\denys\AppData\Local\Temp\surefire1566141857550264816\surefirebooter-20240208174332418_3.jar C:\Users\denys\AppData\Local\Temp\surefire1566141857550264816 2024-02-08T17-43-32_273-jvmRun1 surefire-20240208174332418_1tmp surefire_0-20240208174332418_2tmp
java_class_path (initial): C:\Users\denys\AppData\Local\Temp\surefire1566141857550264816\surefirebooter-20240208174332418_3.jar
Launcher Type: SUN_STANDARD

[Global flags]
     intx CICompilerCount                          = 4                                         {product} {ergonomic}
     uint ConcGCThreads                            = 2                                         {product} {ergonomic}
     uint G1ConcRefinementThreads                  = 8                                         {product} {ergonomic}
   size_t G1HeapRegionSize                         = 1048576                                   {product} {ergonomic}
    uintx GCDrainStackTargetSize                   = 64                                        {product} {ergonomic}
   size_t InitialHeapSize                          = 132120576                                 {product} {ergonomic}
   size_t MarkStackSize                            = 4194304                                   {product} {ergonomic}
   size_t MaxHeapSize                              = 2109734912                                {product} {ergonomic}
   size_t MaxNewSize                               = 1265631232                                {product} {ergonomic}
   size_t MinHeapDeltaBytes                        = 1048576                                   {product} {ergonomic}
   size_t MinHeapSize                              = 8388608                                   {product} {ergonomic}
    uintx NonNMethodCodeHeapSize                   = 5839372                                {pd product} {ergonomic}
    uintx NonProfiledCodeHeapSize                  = 122909434                              {pd product} {ergonomic}
    uintx ProfiledCodeHeapSize                     = 122909434                              {pd product} {ergonomic}
    uintx ReservedCodeCacheSize                    = 251658240                              {pd product} {ergonomic}
     bool SegmentedCodeCache                       = true                                      {product} {ergonomic}
   size_t SoftMaxHeapSize                          = 2109734912                             {manageable} {ergonomic}
     bool UseCompressedOops                        = true                           {product lp64_product} {ergonomic}
     bool UseG1GC                                  = true                                      {product} {ergonomic}
     bool UseLargePagesIndividualAllocation        = false                                  {pd product} {ergonomic}

Logging:
Log output configuration:
 #0: stdout all=warning uptime,level,tags foldmultilines=false
 #1: stderr all=off uptime,level,tags foldmultilines=false

Environment Variables:
PATH=C:\Windows\system32;C:\Windows;C:\Windows\System32\Wbem;C:\Windows\System32\WindowsPowerShell\v1.0\;C:\Windows\System32\OpenSSH\;C:\Program Files\Git\cmd;C:\Program Files\Docker\Docker\resources\bin;C:\Users\denys\AppData\Local\Microsoft\WindowsApps;
USERNAME=denys
OS=Windows_NT
PROCESSOR_IDENTIFIER=Intel64 Family 6 Model 158 Stepping 13, GenuineIntel
TMP=C:\Users\denys\AppData\Local\Temp
TEMP=C:\Users\denys\AppData\Local\Temp




Periodic native trim disabled

---------------  S Y S T E M  ---------------

OS:
 Windows 11 , 64 bit Build 22621 (10.0.22621.2506)
OS uptime: 2 days 21:36 hours
Hyper-V role detected

CPU: total 8 (initial active 8) (4 cores per cpu, 2 threads per core) family 6 model 158 stepping 13 microcode 0xde, cx8, cmov, fxsr, ht, mmx, 3dnowpref, sse, sse2, sse3, ssse3, sse4.1, sse4.2, popcnt, lzcnt, tsc, tscinvbit, avx, avx2, aes, erms, clmul, bmi1, bmi2, adx, fma, vzeroupper, clflush, clflushopt, hv, rdtscp, f16c
Processor Information for all 8 processors :
  Max Mhz: 2400, Current Mhz: 2400, Mhz Limit: 2400

Memory: 4k page, system-wide physical 8044M (399M free)
TotalPageFile size 21794M (AvailPageFile size 5M)
current process WorkingSet (physical memory assigned to process): 351M, peak: 351M
current process commit charge ("private bytes"): 389M, peak: 391M

vm_info: OpenJDK 64-Bit Server VM (21.0.2+13-58) for windows-amd64 JRE (21.0.2+13-58), built on 2024-01-05T18:32:24Z by "mach5one" with MS VC++ 17.1 (VS2022)

END.
