#
# There is insufficient memory for the Java Runtime Environment to continue.
# Native memory allocation (mmap) failed to map 132120576 bytes for G1 virtual space
# Possible reasons:
#   The system is out of physical RAM or swap space
#   The process is running with CompressedOops enabled, and the Java Heap may be blocking the growth of the native heap
# Possible solutions:
#   Reduce memory load on the system
#   Increase physical memory or swap space
#   Check if swap backing store is full
#   Decrease Java heap size (-Xmx/-Xms)
#   Decrease number of Java threads
#   Decrease Java thread stack sizes (-Xss)
#   Set larger code cache with -XX:ReservedCodeCacheSize=
#   JVM is running with Unscaled Compressed Oops mode in which the Java heap is
#     placed in the first 4GB address space. The Java Heap base address is the
#     maximum limit for the native heap growth. Please use -XX:HeapBaseMinAddress
#     to set the Java Heap base and to place the Java Heap above 4GB virtual address.
# This output file may be truncated or incomplete.
#
#  Out of Memory Error (os_windows.cpp:3600), pid=5128, tid=3752
#
# JRE version:  (21.0.2+13) (build )
# Java VM: OpenJDK 64-Bit Server VM (21.0.2+13-58, mixed mode, sharing, tiered, compressed oops, compressed class ptrs, g1 gc, windows-amd64)
# No core dump will be written. Minidumps are not enabled by default on client versions of Windows
#

---------------  S U M M A R Y ------------

Command Line: -Dnet.bytebuddy.agent.attacher.dump= net.bytebuddy.agent.Attacher com.sun.tools.attach.VirtualMachine 2116 C:\Users\denys\.m2\repository\net\bytebuddy\byte-buddy-agent\1.14.11\byte-buddy-agent-1.14.11.jar false 

Host: Intel(R) Core(TM) i5-9300H CPU @ 2.40GHz, 8 cores, 7G,  Windows 11 , 64 bit Build 22621 (10.0.22621.2506)
Time: Thu Feb  8 14:51:00 2024  Windows 11 , 64 bit Build 22621 (10.0.22621.2506) elapsed time: 0.007773 seconds (0d 0h 0m 0s)

---------------  T H R E A D  ---------------

Current thread (0x000001c12bc6be50):  JavaThread "Unknown thread" [_thread_in_vm, id=3752, stack(0x000000bfeba00000,0x000000bfebb00000) (1024K)]

Stack: [0x000000bfeba00000,0x000000bfebb00000]
Native frames: (J=compiled Java code, j=interpreted, Vv=VM code, C=native code)
V  [jvm.dll+0x6cade9]
V  [jvm.dll+0x8569c1]
V  [jvm.dll+0x858d2e]
V  [jvm.dll+0x859413]
V  [jvm.dll+0x280e56]
V  [jvm.dll+0x6c74d5]
V  [jvm.dll+0x6bbeca]
V  [jvm.dll+0x355bca]
V  [jvm.dll+0x35d816]
V  [jvm.dll+0x3ae67e]
V  [jvm.dll+0x3ae928]
V  [jvm.dll+0x3295dc]
V  [jvm.dll+0x32a16b]
V  [jvm.dll+0x81efa9]
V  [jvm.dll+0x3bba01]
V  [jvm.dll+0x807928]
V  [jvm.dll+0x44f50e]
V  [jvm.dll+0x450e11]
C  [jli.dll+0x52a3]
C  [ucrtbase.dll+0x29363]
C  [KERNEL32.DLL+0x1257d]
C  [ntdll.dll+0x5aa58]


---------------  P R O C E S S  ---------------

Threads class SMR info:
_java_thread_list=0x00007ffd1e0abb88, length=0, elements={
}

Java Threads: ( => current thread )
Total: 0

Other Threads:
  0x000001c12defaee0 WorkerThread "GC Thread#0"                     [id=4184, stack(0x000000bfebb00000,0x000000bfebc00000) (1024K)]
  0x000001c12df0c310 ConcurrentGCThread "G1 Main Marker"            [id=16892, stack(0x000000bfebc00000,0x000000bfebd00000) (1024K)]
  0x000001c12df0cd20 WorkerThread "G1 Conc#0"                       [id=11716, stack(0x000000bfebd00000,0x000000bfebe00000) (1024K)]

[error occurred during error reporting (printing all threads), id 0xc0000005, EXCEPTION_ACCESS_VIOLATION (0xc0000005) at pc=0x00007ffd1d81c6a7]
VM state: not at safepoint (not fully initialized)

VM Mutex/Monitor currently owned by a thread:  ([mutex/lock_event])
[0x00007ffd1e11ce68] Heap_lock - owner thread: 0x000001c12bc6be50

Heap address: 0x0000000082400000, size: 2012 MB, Compressed Oops mode: 32-bit

CDS archive(s) mapped at: [0x0000000000000000-0x0000000000000000-0x0000000000000000), size 0, SharedBaseAddress: 0x0000000800000000, ArchiveRelocationMode: 1.
Narrow klass base: 0x0000000000000000, Narrow klass shift: 0, Narrow klass range: 0x0

GC Precious Log:
 CardTable entry size: 512
 Card Set container configuration: InlinePtr #cards 5 size 8 Array Of Cards #cards 12 size 40 Howl #buckets 4 coarsen threshold 1843 Howl Bitmap #cards 512 size 80 coarsen threshold 460 Card regions per heap region 1 cards per card region 2048

Heap:
 garbage-first heap   total 0K, used 0K [0x0000000082400000, 0x0000000100000000)
  region size 1024K, 0 young (0K), 0 survivors (0K)

[error occurred during error reporting (printing heap information), id 0xc0000005, EXCEPTION_ACCESS_VIOLATION (0xc0000005) at pc=0x00007ffd1dc039f9]
GC Heap History (0 events):
No events

Dll operation events (1 events):
Event: 0.005 Loaded shared library C:\Users\denys\.jdks\openjdk-21.0.2\bin\java.dll

Deoptimization events (0 events):
No events

Classes loaded (0 events):
No events

Classes unloaded (0 events):
No events

Classes redefined (0 events):
No events

Internal exceptions (0 events):
No events

ZGC Phase Switch (0 events):
No events

VM Operations (0 events):
No events

Events (0 events):
No events


Dynamic libraries:
0x00007ff6b0620000 - 0x00007ff6b062e000 	C:\Users\denys\.jdks\openjdk-21.0.2\bin\java.exe
0x00007ffd8c910000 - 0x00007ffd8cb27000 	C:\Windows\SYSTEM32\ntdll.dll
0x00007ffd8afc0000 - 0x00007ffd8b084000 	C:\Windows\System32\KERNEL32.DLL
0x00007ffd8a1e0000 - 0x00007ffd8a586000 	C:\Windows\System32\KERNELBASE.dll
0x00007ffd8a0c0000 - 0x00007ffd8a1d1000 	C:\Windows\System32\ucrtbase.dll
0x00007ffd834f0000 - 0x00007ffd83508000 	C:\Users\denys\.jdks\openjdk-21.0.2\bin\jli.dll
0x00007ffd81480000 - 0x00007ffd8149b000 	C:\Users\denys\.jdks\openjdk-21.0.2\bin\VCRUNTIME140.dll
0x00007ffd8b560000 - 0x00007ffd8b70e000 	C:\Windows\System32\USER32.dll
0x00007ffd8a630000 - 0x00007ffd8a656000 	C:\Windows\System32\win32u.dll
0x00007ffd8c780000 - 0x00007ffd8c7a9000 	C:\Windows\System32\GDI32.dll
0x00007ffd89cf0000 - 0x00007ffd89e08000 	C:\Windows\System32\gdi32full.dll
0x00007ffd73ee0000 - 0x00007ffd74173000 	C:\Windows\WinSxS\amd64_microsoft.windows.common-controls_6595b64144ccf1df_6.0.22621.2506_none_270c5ae97388e100\COMCTL32.dll
0x00007ffd89c50000 - 0x00007ffd89cea000 	C:\Windows\System32\msvcp_win.dll
0x00007ffd8b990000 - 0x00007ffd8ba37000 	C:\Windows\System32\msvcrt.dll
0x00007ffd8a980000 - 0x00007ffd8a9b1000 	C:\Windows\System32\IMM32.DLL
0x00007ffd85090000 - 0x00007ffd8509c000 	C:\Users\denys\.jdks\openjdk-21.0.2\bin\vcruntime140_1.dll
0x00007ffd61990000 - 0x00007ffd61a1e000 	C:\Users\denys\.jdks\openjdk-21.0.2\bin\msvcp140.dll
0x00007ffd1d4e0000 - 0x00007ffd1e1f7000 	C:\Users\denys\.jdks\openjdk-21.0.2\bin\server\jvm.dll
0x00007ffd8a8c0000 - 0x00007ffd8a973000 	C:\Windows\System32\ADVAPI32.dll
0x00007ffd8af10000 - 0x00007ffd8afb8000 	C:\Windows\System32\sechost.dll
0x00007ffd8a600000 - 0x00007ffd8a628000 	C:\Windows\System32\bcrypt.dll
0x00007ffd8b2c0000 - 0x00007ffd8b3d7000 	C:\Windows\System32\RPCRT4.dll
0x00007ffd8a840000 - 0x00007ffd8a8b1000 	C:\Windows\System32\WS2_32.dll
0x00007ffd893d0000 - 0x00007ffd8941d000 	C:\Windows\SYSTEM32\POWRPROF.dll
0x00007ffd82380000 - 0x00007ffd8238a000 	C:\Windows\SYSTEM32\VERSION.dll
0x00007ffd85040000 - 0x00007ffd85074000 	C:\Windows\SYSTEM32\WINMM.dll
0x00007ffd893b0000 - 0x00007ffd893c3000 	C:\Windows\SYSTEM32\UMPDC.dll
0x00007ffd88c40000 - 0x00007ffd88c58000 	C:\Windows\SYSTEM32\kernel.appcore.dll
0x00007ffd834e0000 - 0x00007ffd834ea000 	C:\Users\denys\.jdks\openjdk-21.0.2\bin\jimage.dll
0x00007ffd73280000 - 0x00007ffd734b3000 	C:\Windows\SYSTEM32\DBGHELP.DLL
0x00007ffd8ab80000 - 0x00007ffd8af09000 	C:\Windows\System32\combase.dll
0x00007ffd8b480000 - 0x00007ffd8b557000 	C:\Windows\System32\OLEAUT32.dll
0x00007ffd72db0000 - 0x00007ffd72de2000 	C:\Windows\SYSTEM32\dbgcore.DLL
0x00007ffd89ed0000 - 0x00007ffd89f4a000 	C:\Windows\System32\bcryptPrimitives.dll
0x00007ffd76b10000 - 0x00007ffd76b2f000 	C:\Users\denys\.jdks\openjdk-21.0.2\bin\java.dll

dbghelp: loaded successfully - version: 4.0.5 - missing functions: none
symbol engine: initialized successfully - sym options: 0x614 - pdb path: .;C:\Users\denys\.jdks\openjdk-21.0.2\bin;C:\Windows\SYSTEM32;C:\Windows\WinSxS\amd64_microsoft.windows.common-controls_6595b64144ccf1df_6.0.22621.2506_none_270c5ae97388e100;C:\Users\denys\.jdks\openjdk-21.0.2\bin\server

VM Arguments:
jvm_args: -Dnet.bytebuddy.agent.attacher.dump= 
java_command: net.bytebuddy.agent.Attacher com.sun.tools.attach.VirtualMachine 2116 C:\Users\denys\.m2\repository\net\bytebuddy\byte-buddy-agent\1.14.11\byte-buddy-agent-1.14.11.jar false 
java_class_path (initial): C:\Users\denys\.m2\repository\net\bytebuddy\byte-buddy-agent\1.14.11\byte-buddy-agent-1.14.11.jar
Launcher Type: SUN_STANDARD

[Global flags]
     intx CICompilerCount                          = 4                                         {product} {ergonomic}
     uint ConcGCThreads                            = 2                                         {product} {ergonomic}
     uint G1ConcRefinementThreads                  = 8                                         {product} {ergonomic}
   size_t G1HeapRegionSize                         = 1048576                                   {product} {ergonomic}
    uintx GCDrainStackTargetSize                   = 64                                        {product} {ergonomic}
   size_t InitialHeapSize                          = 132120576                                 {product} {ergonomic}
   size_t MarkStackSize                            = 4194304                                   {product} {ergonomic}
   size_t MaxHeapSize                              = 2109734912                                {product} {ergonomic}
   size_t MinHeapDeltaBytes                        = 1048576                                   {product} {ergonomic}
   size_t MinHeapSize                              = 8388608                                   {product} {ergonomic}
    uintx NonNMethodCodeHeapSize                   = 5839372                                {pd product} {ergonomic}
    uintx NonProfiledCodeHeapSize                  = 122909434                              {pd product} {ergonomic}
    uintx ProfiledCodeHeapSize                     = 122909434                              {pd product} {ergonomic}
    uintx ReservedCodeCacheSize                    = 251658240                              {pd product} {ergonomic}
     bool SegmentedCodeCache                       = true                                      {product} {ergonomic}
   size_t SoftMaxHeapSize                          = 2109734912                             {manageable} {ergonomic}
     bool UseCompressedOops                        = true                           {product lp64_product} {ergonomic}
     bool UseG1GC                                  = true                                      {product} {ergonomic}
     bool UseLargePagesIndividualAllocation        = false                                  {pd product} {ergonomic}

Logging:
Log output configuration:
 #0: stdout all=warning uptime,level,tags foldmultilines=false
 #1: stderr all=off uptime,level,tags foldmultilines=false

Environment Variables:
PATH=C:\Windows\system32;C:\Windows;C:\Windows\System32\Wbem;C:\Windows\System32\WindowsPowerShell\v1.0\;C:\Windows\System32\OpenSSH\;C:\Program Files\Git\cmd;C:\Program Files\Docker\Docker\resources\bin;C:\Users\denys\AppData\Local\Microsoft\WindowsApps;
USERNAME=denys
OS=Windows_NT
PROCESSOR_IDENTIFIER=Intel64 Family 6 Model 158 Stepping 13, GenuineIntel
TMP=C:\Users\denys\AppData\Local\Temp
TEMP=C:\Users\denys\AppData\Local\Temp




Periodic native trim disabled

---------------  S Y S T E M  ---------------

OS:
 Windows 11 , 64 bit Build 22621 (10.0.22621.2506)
OS uptime: 2 days 18:43 hours
Hyper-V role detected

CPU: total 8 (initial active 8) (4 cores per cpu, 2 threads per core) family 6 model 158 stepping 13 microcode 0xde, cx8, cmov, fxsr, ht, mmx, 3dnowpref, sse, sse2, sse3, ssse3, sse4.1, sse4.2, popcnt, lzcnt, tsc, tscinvbit, avx, avx2, aes, erms, clmul, bmi1, bmi2, adx, fma, vzeroupper, clflush, clflushopt, hv, rdtscp, f16c
Processor Information for all 8 processors :
  Max Mhz: 2400, Current Mhz: 2400, Mhz Limit: 2400

Memory: 4k page, system-wide physical 8044M (490M free)
TotalPageFile size 21794M (AvailPageFile size 90M)
current process WorkingSet (physical memory assigned to process): 11M, peak: 11M
current process commit charge ("private bytes"): 60M, peak: 186M

vm_info: OpenJDK 64-Bit Server VM (21.0.2+13-58) for windows-amd64 JRE (21.0.2+13-58), built on 2024-01-05T18:32:24Z by "mach5one" with MS VC++ 17.1 (VS2022)

END.
